<?xml version="1.0" encoding="UTF-8"?>
<testng-results ignored="0" total="1" passed="1" failed="0" skipped="0">
  <reporter-output>
  </reporter-output>
  <suite started-at="2023-11-11T10:03:35 GST" name="Default suite" finished-at="2023-11-11T10:04:00 GST" duration-ms="24797">
    <groups>
    </groups>
    <test started-at="2023-11-11T10:03:35 GST" name="Default test" finished-at="2023-11-11T10:04:00 GST" duration-ms="24797">
      <class name="Package3.Shopping">
        <test-method signature="Cart()[pri:0, instance:Package3.Shopping@5f9b2141]" started-at="2023-11-11T10:03:35 GST" name="Cart" finished-at="2023-11-11T10:04:00 GST" duration-ms="24738" status="PASS">
          <reporter-output>
          </reporter-output>
        </test-method> <!-- Cart -->
      </class> <!-- Package3.Shopping -->
    </test> <!-- Default test -->
  </suite> <!-- Default suite -->
</testng-results>
